2024-12-09 17:26:44,258 - INFO - Servidor iniciado com sucesso
2024-12-09 17:28:00,358 - INFO - Novo jogador registrado: sdfasf (ID: db19c616-1728-4acb-a8bd-b610b7a73d25)
2024-12-09 17:30:56,850 - INFO - Servidor iniciado com sucesso
2024-12-09 17:31:04,821 - INFO - Novo jogador registrado: asdfasf (ID: 7aa3714f-61c4-4f99-8f2e-aab9b8151729)
2024-12-09 17:31:21,535 - INFO - Novo jogador registrado: agadgad (ID: 9749762c-cc89-4ce1-a2c1-d3f598f9be37)
2024-12-09 17:34:01,730 - INFO - Servidor iniciado com sucesso
2024-12-09 17:34:07,916 - INFO - Novo jogador registrado: teste (ID: aa1d2b82-2ee6-41aa-b795-39bce4804889)
2024-12-09 17:34:17,822 - INFO - Novo jogador registrado: sdfsdf (ID: be416ac3-aa1d-4a65-9034-c1d1e6db0a3e)
2024-12-09 17:34:21,693 - INFO - Colisão: sdfsdf venceu teste - Chance aleatória
2024-12-09 17:34:43,933 - INFO - Jogador teste respawnou
2024-12-09 17:34:48,298 - INFO - Colisão: teste venceu sdfsdf - Chance aleatória
2024-12-09 17:35:24,653 - INFO - Jogador sdfsdf respawnou
2024-12-09 17:38:57,569 - INFO - Servidor iniciado com sucesso
2024-12-09 17:39:02,736 - INFO - Novo jogador registrado: teste (ID: 2c3711c0-e4db-4894-9311-51d2b6477312)
2024-12-09 17:39:12,935 - INFO - Novo jogador registrado: teste 2 (ID: da1120e1-14a4-4559-991f-312abe343dd2)
2024-12-09 17:39:16,934 - INFO - Colisão: teste 2 venceu teste - Chance aleatória
2024-12-09 17:39:35,100 - INFO - Jogador teste pronto para respawn
2024-12-09 17:39:35,100 - INFO - Jogador teste respawnou após clique
2024-12-09 17:40:00,541 - INFO - Colisão: teste venceu teste 2 - Chance aleatória
2024-12-09 17:44:00,622 - INFO - Jogador teste 2 pronto para respawn
2024-12-09 17:44:00,622 - INFO - Jogador teste 2 respawnou após clique
2024-12-09 17:44:01,233 - INFO - Jogador desconectado: teste (ID: 2c3711c0-e4db-4894-9311-51d2b6477312)
2024-12-09 17:44:04,552 - INFO - Novo jogador registrado: teste (ID: e4fd0c9f-def3-40db-b4c7-8f806d33962c)
2024-12-09 17:44:07,942 - INFO - Colisão: teste venceu teste - Chance aleatória
2024-12-09 17:44:24,209 - INFO - Jogador teste pronto para respawn
2024-12-09 17:44:24,209 - INFO - Jogador teste respawnou após clique
2024-12-09 17:44:27,947 - INFO - Colisão: teste venceu teste - Chance aleatória
2024-12-09 17:44:30,882 - INFO - Jogador desconectado: teste (ID: e4fd0c9f-def3-40db-b4c7-8f806d33962c)
2024-12-09 17:44:33,078 - INFO - Novo jogador registrado: teste (ID: 6a4da07d-58f5-4c49-a0fb-28107a7de64f)
2024-12-09 17:44:34,470 - INFO - Colisão: teste venceu teste - Chance aleatória
2024-12-09 17:46:08,835 - INFO - Jogador teste pronto para respawn
2024-12-09 17:46:08,835 - INFO - Jogador teste respawnou após clique
2024-12-09 17:46:09,659 - INFO - Jogador desconectado: teste (ID: e4fd0c9f-def3-40db-b4c7-8f806d33962c)
2024-12-09 17:46:11,672 - INFO - Novo jogador registrado: dfgsg (ID: 5ffa1b8a-6d78-4e7e-8a45-22b493ba79e0)
2024-12-09 17:46:14,439 - INFO - Colisão: teste venceu dfgsg - Chance aleatória
2024-12-09 17:47:34,659 - INFO - Jogador dfgsg pronto para respawn
2024-12-09 17:47:34,659 - INFO - Jogador dfgsg respawnou após clique
2024-12-09 17:47:36,966 - INFO - Colisão: dfgsg venceu teste - Chance aleatória
2024-12-09 17:47:56,470 - INFO - Jogador teste pronto para respawn
2024-12-09 17:47:56,470 - INFO - Jogador teste respawnou após clique
2024-12-09 17:47:58,163 - INFO - Colisão: dfgsg venceu teste - Chance aleatória
2024-12-09 17:49:49,131 - INFO - Servidor iniciado com sucesso
2024-12-09 17:49:57,588 - INFO - Novo jogador registrado: gabriel (ID: 1172e7a1-548e-42e2-86c5-c541c1ec54e9)
2024-12-09 17:49:58,611 - INFO - Jogador gabriel pronto para respawn
2024-12-09 17:49:58,611 - INFO - Jogador gabriel respawnou após clique
2024-12-09 17:49:58,627 - INFO - Jogador gabriel pronto para respawn
2024-12-09 17:49:58,627 - INFO - Jogador gabriel respawnou após clique
2024-12-09 17:49:58,643 - INFO - Jogador gabriel pronto para respawn
2024-12-09 17:49:58,643 - INFO - Jogador gabriel respawnou após clique
2024-12-09 17:49:58,660 - INFO - Jogador gabriel pronto para respawn
2024-12-09 17:49:58,660 - INFO - Jogador gabriel respawnou após clique
2024-12-09 17:49:58,675 - INFO - Jogador gabriel pronto para respawn
2024-12-09 17:49:58,675 - INFO - Jogador gabriel respawnou após clique
2024-12-09 17:49:58,691 - INFO - Jogador gabriel pronto para respawn
2024-12-09 17:49:58,691 - INFO - Jogador gabriel respawnou após clique
2024-12-09 17:49:58,708 - INFO - Jogador gabriel pronto para respawn
2024-12-09 17:49:58,709 - INFO - Jogador gabriel respawnou após clique
2024-12-09 17:49:58,724 - INFO - Jogador gabriel pronto para respawn
2024-12-09 17:49:58,724 - INFO - Jogador gabriel respawnou após clique
2024-12-09 17:49:58,739 - INFO - Jogador gabriel pronto para respawn
2024-12-09 17:49:58,739 - INFO - Jogador gabriel respawnou após clique
2024-12-09 17:49:58,755 - INFO - Jogador gabriel pronto para respawn
2024-12-09 17:49:58,756 - INFO - Jogador gabriel respawnou após clique
2024-12-09 17:49:58,771 - INFO - Jogador gabriel pronto para respawn
2024-12-09 17:49:58,771 - INFO - Jogador gabriel respawnou após clique
2024-12-09 17:49:58,786 - INFO - Jogador gabriel pronto para respawn
2024-12-09 17:49:58,787 - INFO - Jogador gabriel respawnou após clique
2024-12-09 17:49:58,802 - INFO - Jogador gabriel pronto para respawn
2024-12-09 17:49:58,803 - INFO - Jogador gabriel respawnou após clique
2024-12-09 17:49:58,819 - INFO - Jogador gabriel pronto para respawn
2024-12-09 17:49:58,819 - INFO - Jogador gabriel respawnou após clique
2024-12-09 17:49:58,835 - INFO - Jogador gabriel pronto para respawn
2024-12-09 17:49:58,835 - INFO - Jogador gabriel respawnou após clique
2024-12-09 17:49:58,851 - INFO - Jogador gabriel pronto para respawn
2024-12-09 17:49:58,851 - INFO - Jogador gabriel respawnou após clique
2024-12-09 17:49:58,868 - INFO - Jogador gabriel pronto para respawn
2024-12-09 17:49:58,868 - INFO - Jogador gabriel respawnou após clique
2024-12-09 17:49:58,884 - INFO - Jogador gabriel pronto para respawn
2024-12-09 17:49:58,884 - INFO - Jogador gabriel respawnou após clique
2024-12-09 17:49:58,899 - INFO - Jogador gabriel pronto para respawn
2024-12-09 17:49:58,900 - INFO - Jogador gabriel respawnou após clique
2024-12-09 17:49:58,915 - INFO - Jogador gabriel pronto para respawn
2024-12-09 17:49:58,915 - INFO - Jogador gabriel respawnou após clique
2024-12-09 17:49:58,931 - INFO - Jogador gabriel pronto para respawn
2024-12-09 17:49:58,931 - INFO - Jogador gabriel respawnou após clique
2024-12-09 17:49:58,947 - INFO - Jogador gabriel pronto para respawn
2024-12-09 17:49:58,947 - INFO - Jogador gabriel respawnou após clique
2024-12-09 17:49:58,963 - INFO - Jogador gabriel pronto para respawn
2024-12-09 17:49:58,963 - INFO - Jogador gabriel respawnou após clique
2024-12-09 17:49:59,381 - INFO - Jogador gabriel pronto para respawn
2024-12-09 17:49:59,381 - INFO - Jogador gabriel respawnou após clique
2024-12-09 17:49:59,402 - INFO - Jogador gabriel pronto para respawn
2024-12-09 17:49:59,403 - INFO - Jogador gabriel respawnou após clique
2024-12-09 17:49:59,419 - INFO - Jogador gabriel pronto para respawn
2024-12-09 17:49:59,420 - INFO - Jogador gabriel respawnou após clique
2024-12-09 17:49:59,436 - INFO - Jogador gabriel pronto para respawn
2024-12-09 17:49:59,436 - INFO - Jogador gabriel respawnou após clique
2024-12-09 17:49:59,453 - INFO - Jogador gabriel pronto para respawn
2024-12-09 17:49:59,453 - INFO - Jogador gabriel respawnou após clique
2024-12-09 17:49:59,489 - INFO - Jogador gabriel pronto para respawn
2024-12-09 17:49:59,489 - INFO - Jogador gabriel respawnou após clique
2024-12-09 17:49:59,519 - INFO - Jogador gabriel pronto para respawn
2024-12-09 17:49:59,520 - INFO - Jogador gabriel respawnou após clique
2024-12-09 17:50:00,088 - INFO - Jogador gabriel pronto para respawn
2024-12-09 17:50:00,089 - INFO - Jogador gabriel respawnou após clique
2024-12-09 17:50:00,103 - INFO - Jogador gabriel pronto para respawn
2024-12-09 17:50:00,104 - INFO - Jogador gabriel respawnou após clique
2024-12-09 17:50:00,120 - INFO - Jogador gabriel pronto para respawn
2024-12-09 17:50:00,120 - INFO - Jogador gabriel respawnou após clique
2024-12-09 17:50:00,137 - INFO - Jogador gabriel pronto para respawn
2024-12-09 17:50:00,138 - INFO - Jogador gabriel respawnou após clique
2024-12-09 17:50:00,154 - INFO - Jogador gabriel pronto para respawn
2024-12-09 17:50:00,154 - INFO - Jogador gabriel respawnou após clique
2024-12-09 17:50:00,170 - INFO - Jogador gabriel pronto para respawn
2024-12-09 17:50:00,171 - INFO - Jogador gabriel respawnou após clique
2024-12-09 17:50:00,187 - INFO - Jogador gabriel pronto para respawn
2024-12-09 17:50:00,187 - INFO - Jogador gabriel respawnou após clique
2024-12-09 17:50:00,253 - INFO - Jogador gabriel pronto para respawn
2024-12-09 17:50:00,254 - INFO - Jogador gabriel respawnou após clique
2024-12-09 17:50:00,270 - INFO - Jogador gabriel pronto para respawn
2024-12-09 17:50:00,270 - INFO - Jogador gabriel respawnou após clique
2024-12-09 17:50:00,287 - INFO - Jogador gabriel pronto para respawn
2024-12-09 17:50:00,288 - INFO - Jogador gabriel respawnou após clique
2024-12-09 17:50:00,304 - INFO - Jogador gabriel pronto para respawn
2024-12-09 17:50:00,304 - INFO - Jogador gabriel respawnou após clique
2024-12-09 17:50:00,321 - INFO - Jogador gabriel pronto para respawn
2024-12-09 17:50:00,321 - INFO - Jogador gabriel respawnou após clique
2024-12-09 17:50:00,337 - INFO - Jogador gabriel pronto para respawn
2024-12-09 17:50:00,338 - INFO - Jogador gabriel respawnou após clique
2024-12-09 17:50:00,354 - INFO - Jogador gabriel pronto para respawn
2024-12-09 17:50:00,354 - INFO - Jogador gabriel respawnou após clique
2024-12-09 17:50:00,371 - INFO - Jogador gabriel pronto para respawn
2024-12-09 17:50:00,371 - INFO - Jogador gabriel respawnou após clique
2024-12-09 17:50:00,448 - INFO - Jogador gabriel pronto para respawn
2024-12-09 17:50:00,449 - INFO - Jogador gabriel respawnou após clique
2024-12-09 17:50:00,482 - INFO - Jogador gabriel pronto para respawn
2024-12-09 17:50:00,482 - INFO - Jogador gabriel respawnou após clique
2024-12-09 17:50:00,503 - INFO - Jogador gabriel pronto para respawn
2024-12-09 17:50:00,504 - INFO - Jogador gabriel respawnou após clique
2024-12-09 17:50:00,520 - INFO - Jogador gabriel pronto para respawn
2024-12-09 17:50:00,521 - INFO - Jogador gabriel respawnou após clique
2024-12-09 17:50:00,616 - INFO - Jogador gabriel pronto para respawn
2024-12-09 17:50:00,617 - INFO - Jogador gabriel respawnou após clique
2024-12-09 17:50:00,636 - INFO - Jogador gabriel pronto para respawn
2024-12-09 17:50:00,638 - INFO - Jogador gabriel respawnou após clique
2024-12-09 17:50:00,704 - INFO - Jogador gabriel pronto para respawn
2024-12-09 17:50:00,704 - INFO - Jogador gabriel respawnou após clique
2024-12-09 17:50:00,721 - INFO - Jogador gabriel pronto para respawn
2024-12-09 17:50:00,721 - INFO - Jogador gabriel respawnou após clique
2024-12-09 17:50:00,738 - INFO - Jogador gabriel pronto para respawn
2024-12-09 17:50:00,738 - INFO - Jogador gabriel respawnou após clique
2024-12-09 17:50:00,754 - INFO - Jogador gabriel pronto para respawn
2024-12-09 17:50:00,755 - INFO - Jogador gabriel respawnou após clique
2024-12-09 17:50:00,787 - INFO - Jogador gabriel pronto para respawn
2024-12-09 17:50:00,788 - INFO - Jogador gabriel respawnou após clique
2024-12-09 17:50:00,804 - INFO - Jogador gabriel pronto para respawn
2024-12-09 17:50:00,804 - INFO - Jogador gabriel respawnou após clique
2024-12-09 17:50:00,947 - INFO - Jogador gabriel pronto para respawn
2024-12-09 17:50:00,947 - INFO - Jogador gabriel respawnou após clique
2024-12-09 17:50:01,026 - INFO - Jogador gabriel pronto para respawn
2024-12-09 17:50:01,026 - INFO - Jogador gabriel respawnou após clique
2024-12-09 17:50:01,068 - INFO - Jogador gabriel pronto para respawn
2024-12-09 17:50:01,068 - INFO - Jogador gabriel respawnou após clique
2024-12-09 17:50:01,120 - INFO - Jogador gabriel pronto para respawn
2024-12-09 17:50:01,121 - INFO - Jogador gabriel respawnou após clique
2024-12-09 17:50:01,138 - INFO - Jogador gabriel pronto para respawn
2024-12-09 17:50:01,138 - INFO - Jogador gabriel respawnou após clique
2024-12-09 17:50:01,155 - INFO - Jogador gabriel pronto para respawn
2024-12-09 17:50:01,155 - INFO - Jogador gabriel respawnou após clique
2024-12-09 17:50:01,172 - INFO - Jogador gabriel pronto para respawn
2024-12-09 17:50:01,172 - INFO - Jogador gabriel respawnou após clique
2024-12-09 17:50:01,204 - INFO - Jogador gabriel pronto para respawn
2024-12-09 17:50:01,205 - INFO - Jogador gabriel respawnou após clique
2024-12-09 17:50:01,237 - INFO - Jogador gabriel pronto para respawn
2024-12-09 17:50:01,237 - INFO - Jogador gabriel respawnou após clique
2024-12-09 17:50:01,271 - INFO - Jogador gabriel pronto para respawn
2024-12-09 17:50:01,271 - INFO - Jogador gabriel respawnou após clique
2024-12-09 17:50:02,275 - INFO - Jogador gabriel pronto para respawn
2024-12-09 17:50:02,275 - INFO - Jogador gabriel respawnou após clique
2024-12-09 17:50:02,291 - INFO - Jogador gabriel pronto para respawn
2024-12-09 17:50:02,292 - INFO - Jogador gabriel respawnou após clique
2024-12-09 17:50:02,308 - INFO - Jogador gabriel pronto para respawn
2024-12-09 17:50:02,309 - INFO - Jogador gabriel respawnou após clique
2024-12-09 17:50:02,323 - INFO - Jogador gabriel pronto para respawn
2024-12-09 17:50:02,324 - INFO - Jogador gabriel respawnou após clique
2024-12-09 17:50:02,338 - INFO - Jogador gabriel pronto para respawn
2024-12-09 17:50:02,338 - INFO - Jogador gabriel respawnou após clique
2024-12-09 17:50:02,355 - INFO - Jogador gabriel pronto para respawn
2024-12-09 17:50:02,355 - INFO - Jogador gabriel respawnou após clique
2024-12-09 17:50:02,371 - INFO - Jogador gabriel pronto para respawn
2024-12-09 17:50:02,372 - INFO - Jogador gabriel respawnou após clique
2024-12-09 17:50:02,386 - INFO - Jogador gabriel pronto para respawn
2024-12-09 17:50:02,387 - INFO - Jogador gabriel respawnou após clique
2024-12-09 17:50:02,403 - INFO - Jogador gabriel pronto para respawn
2024-12-09 17:50:02,403 - INFO - Jogador gabriel respawnou após clique
2024-12-09 17:50:02,418 - INFO - Jogador gabriel pronto para respawn
2024-12-09 17:50:02,419 - INFO - Jogador gabriel respawnou após clique
2024-12-09 17:50:02,436 - INFO - Jogador gabriel pronto para respawn
2024-12-09 17:50:02,436 - INFO - Jogador gabriel respawnou após clique
2024-12-09 17:50:02,738 - INFO - Jogador gabriel pronto para respawn
2024-12-09 17:50:02,739 - INFO - Jogador gabriel respawnou após clique
2024-12-09 17:50:02,754 - INFO - Jogador gabriel pronto para respawn
2024-12-09 17:50:02,754 - INFO - Jogador gabriel respawnou após clique
2024-12-09 17:50:02,771 - INFO - Jogador gabriel pronto para respawn
2024-12-09 17:50:02,772 - INFO - Jogador gabriel respawnou após clique
2024-12-09 17:50:02,787 - INFO - Jogador gabriel pronto para respawn
2024-12-09 17:50:02,787 - INFO - Jogador gabriel respawnou após clique
2024-12-09 17:50:02,802 - INFO - Jogador gabriel pronto para respawn
2024-12-09 17:50:02,802 - INFO - Jogador gabriel respawnou após clique
2024-12-09 17:50:02,819 - INFO - Jogador gabriel pronto para respawn
2024-12-09 17:50:02,819 - INFO - Jogador gabriel respawnou após clique
2024-12-09 17:50:02,834 - INFO - Jogador gabriel pronto para respawn
2024-12-09 17:50:02,834 - INFO - Jogador gabriel respawnou após clique
2024-12-09 17:50:02,851 - INFO - Jogador gabriel pronto para respawn
2024-12-09 17:50:02,852 - INFO - Jogador gabriel respawnou após clique
2024-12-09 17:50:02,867 - INFO - Jogador gabriel pronto para respawn
2024-12-09 17:50:02,867 - INFO - Jogador gabriel respawnou após clique
2024-12-09 17:50:02,883 - INFO - Jogador gabriel pronto para respawn
2024-12-09 17:50:02,884 - INFO - Jogador gabriel respawnou após clique
2024-12-09 17:50:02,899 - INFO - Jogador gabriel pronto para respawn
2024-12-09 17:50:02,900 - INFO - Jogador gabriel respawnou após clique
2024-12-09 17:50:02,915 - INFO - Jogador gabriel pronto para respawn
2024-12-09 17:50:02,915 - INFO - Jogador gabriel respawnou após clique
2024-12-09 17:50:02,931 - INFO - Jogador gabriel pronto para respawn
2024-12-09 17:50:02,931 - INFO - Jogador gabriel respawnou após clique
2024-12-09 17:50:02,946 - INFO - Jogador gabriel pronto para respawn
2024-12-09 17:50:02,946 - INFO - Jogador gabriel respawnou após clique
2024-12-09 17:50:02,963 - INFO - Jogador gabriel pronto para respawn
2024-12-09 17:50:02,964 - INFO - Jogador gabriel respawnou após clique
2024-12-09 17:50:03,155 - INFO - Jogador gabriel pronto para respawn
2024-12-09 17:50:03,155 - INFO - Jogador gabriel respawnou após clique
2024-12-09 17:50:03,171 - INFO - Jogador gabriel pronto para respawn
2024-12-09 17:50:03,171 - INFO - Jogador gabriel respawnou após clique
2024-12-09 17:50:03,187 - INFO - Jogador gabriel pronto para respawn
2024-12-09 17:50:03,187 - INFO - Jogador gabriel respawnou após clique
2024-12-09 17:50:03,203 - INFO - Jogador gabriel pronto para respawn
2024-12-09 17:50:03,203 - INFO - Jogador gabriel respawnou após clique
2024-12-09 17:50:03,218 - INFO - Jogador gabriel pronto para respawn
2024-12-09 17:50:03,218 - INFO - Jogador gabriel respawnou após clique
2024-12-09 17:50:03,235 - INFO - Jogador gabriel pronto para respawn
2024-12-09 17:50:03,235 - INFO - Jogador gabriel respawnou após clique
2024-12-09 17:50:03,251 - INFO - Jogador gabriel pronto para respawn
2024-12-09 17:50:03,251 - INFO - Jogador gabriel respawnou após clique
2024-12-09 17:50:03,267 - INFO - Jogador gabriel pronto para respawn
2024-12-09 17:50:03,267 - INFO - Jogador gabriel respawnou após clique
2024-12-09 17:50:03,283 - INFO - Jogador gabriel pronto para respawn
2024-12-09 17:50:03,283 - INFO - Jogador gabriel respawnou após clique
2024-12-09 17:50:03,298 - INFO - Jogador gabriel pronto para respawn
2024-12-09 17:50:03,298 - INFO - Jogador gabriel respawnou após clique
2024-12-09 17:50:03,314 - INFO - Jogador gabriel pronto para respawn
2024-12-09 17:50:03,314 - INFO - Jogador gabriel respawnou após clique
2024-12-09 17:50:03,331 - INFO - Jogador gabriel pronto para respawn
2024-12-09 17:50:03,331 - INFO - Jogador gabriel respawnou após clique
2024-12-09 17:50:03,347 - INFO - Jogador gabriel pronto para respawn
2024-12-09 17:50:03,347 - INFO - Jogador gabriel respawnou após clique
2024-12-09 17:50:03,363 - INFO - Jogador gabriel pronto para respawn
2024-12-09 17:50:03,363 - INFO - Jogador gabriel respawnou após clique
2024-12-09 17:50:03,379 - INFO - Jogador gabriel pronto para respawn
2024-12-09 17:50:03,379 - INFO - Jogador gabriel respawnou após clique
2024-12-09 17:50:03,395 - INFO - Jogador gabriel pronto para respawn
2024-12-09 17:50:03,395 - INFO - Jogador gabriel respawnou após clique
2024-12-09 17:50:03,412 - INFO - Jogador gabriel pronto para respawn
2024-12-09 17:50:03,412 - INFO - Jogador gabriel respawnou após clique
2024-12-09 17:50:03,429 - INFO - Jogador gabriel pronto para respawn
2024-12-09 17:50:03,429 - INFO - Jogador gabriel respawnou após clique
2024-12-09 17:50:03,443 - INFO - Jogador gabriel pronto para respawn
2024-12-09 17:50:03,443 - INFO - Jogador gabriel respawnou após clique
2024-12-09 17:50:03,459 - INFO - Jogador gabriel pronto para respawn
2024-12-09 17:50:03,460 - INFO - Jogador gabriel respawnou após clique
2024-12-09 17:50:03,474 - INFO - Jogador gabriel pronto para respawn
2024-12-09 17:50:03,475 - INFO - Jogador gabriel respawnou após clique
2024-12-09 17:50:03,491 - INFO - Jogador gabriel pronto para respawn
2024-12-09 17:50:03,491 - INFO - Jogador gabriel respawnou após clique
2024-12-09 17:50:03,506 - INFO - Jogador gabriel pronto para respawn
2024-12-09 17:50:03,507 - INFO - Jogador gabriel respawnou após clique
2024-12-09 17:50:03,523 - INFO - Jogador gabriel pronto para respawn
2024-12-09 17:50:03,523 - INFO - Jogador gabriel respawnou após clique
2024-12-09 17:50:03,539 - INFO - Jogador gabriel pronto para respawn
2024-12-09 17:50:03,539 - INFO - Jogador gabriel respawnou após clique
2024-12-09 17:50:03,555 - INFO - Jogador gabriel pronto para respawn
2024-12-09 17:50:03,555 - INFO - Jogador gabriel respawnou após clique
2024-12-09 17:50:03,571 - INFO - Jogador gabriel pronto para respawn
2024-12-09 17:50:03,571 - INFO - Jogador gabriel respawnou após clique
2024-12-09 17:50:03,587 - INFO - Jogador gabriel pronto para respawn
2024-12-09 17:50:03,588 - INFO - Jogador gabriel respawnou após clique
2024-12-09 17:50:03,603 - INFO - Jogador gabriel pronto para respawn
2024-12-09 17:50:03,603 - INFO - Jogador gabriel respawnou após clique
2024-12-09 17:50:03,619 - INFO - Jogador gabriel pronto para respawn
2024-12-09 17:50:03,620 - INFO - Jogador gabriel respawnou após clique
2024-12-09 17:50:03,635 - INFO - Jogador gabriel pronto para respawn
2024-12-09 17:50:03,635 - INFO - Jogador gabriel respawnou após clique
2024-12-09 17:50:03,651 - INFO - Jogador gabriel pronto para respawn
2024-12-09 17:50:03,652 - INFO - Jogador gabriel respawnou após clique
2024-12-09 17:50:03,667 - INFO - Jogador gabriel pronto para respawn
2024-12-09 17:50:03,667 - INFO - Jogador gabriel respawnou após clique
2024-12-09 17:50:03,683 - INFO - Jogador gabriel pronto para respawn
2024-12-09 17:50:03,683 - INFO - Jogador gabriel respawnou após clique
2024-12-09 17:50:03,699 - INFO - Jogador gabriel pronto para respawn
2024-12-09 17:50:03,700 - INFO - Jogador gabriel respawnou após clique
2024-12-09 17:50:03,715 - INFO - Jogador gabriel pronto para respawn
2024-12-09 17:50:03,715 - INFO - Jogador gabriel respawnou após clique
2024-12-09 17:50:03,731 - INFO - Jogador gabriel pronto para respawn
2024-12-09 17:50:03,731 - INFO - Jogador gabriel respawnou após clique
2024-12-09 17:50:03,746 - INFO - Jogador gabriel pronto para respawn
2024-12-09 17:50:03,746 - INFO - Jogador gabriel respawnou após clique
2024-12-09 17:50:03,763 - INFO - Jogador gabriel pronto para respawn
2024-12-09 17:50:03,763 - INFO - Jogador gabriel respawnou após clique
2024-12-09 17:50:03,779 - INFO - Jogador gabriel pronto para respawn
2024-12-09 17:50:03,779 - INFO - Jogador gabriel respawnou após clique
2024-12-09 17:50:03,795 - INFO - Jogador gabriel pronto para respawn
2024-12-09 17:50:03,796 - INFO - Jogador gabriel respawnou após clique
2024-12-09 17:50:03,811 - INFO - Jogador gabriel pronto para respawn
2024-12-09 17:50:03,812 - INFO - Jogador gabriel respawnou após clique
2024-12-09 17:50:03,827 - INFO - Jogador gabriel pronto para respawn
2024-12-09 17:50:03,827 - INFO - Jogador gabriel respawnou após clique
2024-12-09 17:50:03,843 - INFO - Jogador gabriel pronto para respawn
2024-12-09 17:50:03,843 - INFO - Jogador gabriel respawnou após clique
2024-12-09 17:50:03,859 - INFO - Jogador gabriel pronto para respawn
2024-12-09 17:50:03,860 - INFO - Jogador gabriel respawnou após clique
2024-12-09 17:50:03,875 - INFO - Jogador gabriel pronto para respawn
2024-12-09 17:50:03,875 - INFO - Jogador gabriel respawnou após clique
2024-12-09 17:50:03,890 - INFO - Jogador gabriel pronto para respawn
2024-12-09 17:50:03,891 - INFO - Jogador gabriel respawnou após clique
2024-12-09 17:50:03,907 - INFO - Jogador gabriel pronto para respawn
2024-12-09 17:50:03,907 - INFO - Jogador gabriel respawnou após clique
2024-12-09 17:50:03,923 - INFO - Jogador gabriel pronto para respawn
2024-12-09 17:50:03,923 - INFO - Jogador gabriel respawnou após clique
2024-12-09 17:50:03,939 - INFO - Jogador gabriel pronto para respawn
2024-12-09 17:50:03,939 - INFO - Jogador gabriel respawnou após clique
2024-12-09 17:50:03,955 - INFO - Jogador gabriel pronto para respawn
2024-12-09 17:50:03,955 - INFO - Jogador gabriel respawnou após clique
2024-12-09 17:50:03,971 - INFO - Jogador gabriel pronto para respawn
2024-12-09 17:50:03,971 - INFO - Jogador gabriel respawnou após clique
2024-12-09 17:50:03,987 - INFO - Jogador gabriel pronto para respawn
2024-12-09 17:50:03,987 - INFO - Jogador gabriel respawnou após clique
2024-12-09 17:50:04,003 - INFO - Jogador gabriel pronto para respawn
2024-12-09 17:50:04,003 - INFO - Jogador gabriel respawnou após clique
2024-12-09 17:50:04,019 - INFO - Jogador gabriel pronto para respawn
2024-12-09 17:50:04,019 - INFO - Jogador gabriel respawnou após clique
2024-12-09 17:50:04,035 - INFO - Jogador gabriel pronto para respawn
2024-12-09 17:50:04,035 - INFO - Jogador gabriel respawnou após clique
2024-12-09 17:50:04,051 - INFO - Jogador gabriel pronto para respawn
2024-12-09 17:50:04,051 - INFO - Jogador gabriel respawnou após clique
2024-12-09 17:50:04,067 - INFO - Jogador gabriel pronto para respawn
2024-12-09 17:50:04,067 - INFO - Jogador gabriel respawnou após clique
2024-12-09 17:50:04,083 - INFO - Jogador gabriel pronto para respawn
2024-12-09 17:50:04,084 - INFO - Jogador gabriel respawnou após clique
2024-12-09 17:50:04,099 - INFO - Jogador gabriel pronto para respawn
2024-12-09 17:50:04,099 - INFO - Jogador gabriel respawnou após clique
2024-12-09 17:50:04,115 - INFO - Jogador gabriel pronto para respawn
2024-12-09 17:50:04,115 - INFO - Jogador gabriel respawnou após clique
2024-12-09 17:50:04,131 - INFO - Jogador gabriel pronto para respawn
2024-12-09 17:50:04,131 - INFO - Jogador gabriel respawnou após clique
2024-12-09 17:50:04,147 - INFO - Jogador gabriel pronto para respawn
2024-12-09 17:50:04,147 - INFO - Jogador gabriel respawnou após clique
2024-12-09 17:50:04,163 - INFO - Jogador gabriel pronto para respawn
2024-12-09 17:50:04,163 - INFO - Jogador gabriel respawnou após clique
2024-12-09 17:50:04,179 - INFO - Jogador gabriel pronto para respawn
2024-12-09 17:50:04,179 - INFO - Jogador gabriel respawnou após clique
2024-12-09 17:50:04,196 - INFO - Jogador gabriel pronto para respawn
2024-12-09 17:50:04,196 - INFO - Jogador gabriel respawnou após clique
2024-12-09 17:50:04,211 - INFO - Jogador gabriel pronto para respawn
2024-12-09 17:50:04,211 - INFO - Jogador gabriel respawnou após clique
2024-12-09 17:50:04,227 - INFO - Jogador gabriel pronto para respawn
2024-12-09 17:50:04,228 - INFO - Jogador gabriel respawnou após clique
2024-12-09 17:50:04,243 - INFO - Jogador gabriel pronto para respawn
2024-12-09 17:50:04,243 - INFO - Jogador gabriel respawnou após clique
2024-12-09 17:50:04,259 - INFO - Jogador gabriel pronto para respawn
2024-12-09 17:50:04,259 - INFO - Jogador gabriel respawnou após clique
2024-12-09 17:50:04,275 - INFO - Jogador gabriel pronto para respawn
2024-12-09 17:50:04,275 - INFO - Jogador gabriel respawnou após clique
2024-12-09 17:50:04,290 - INFO - Jogador gabriel pronto para respawn
2024-12-09 17:50:04,291 - INFO - Jogador gabriel respawnou após clique
2024-12-09 17:50:04,307 - INFO - Jogador gabriel pronto para respawn
2024-12-09 17:50:04,307 - INFO - Jogador gabriel respawnou após clique
2024-12-09 17:50:04,323 - INFO - Jogador gabriel pronto para respawn
2024-12-09 17:50:04,323 - INFO - Jogador gabriel respawnou após clique
2024-12-09 17:50:04,339 - INFO - Jogador gabriel pronto para respawn
2024-12-09 17:50:04,339 - INFO - Jogador gabriel respawnou após clique
2024-12-09 17:50:04,355 - INFO - Jogador gabriel pronto para respawn
2024-12-09 17:50:04,357 - INFO - Jogador gabriel respawnou após clique
2024-12-09 17:50:04,371 - INFO - Jogador gabriel pronto para respawn
2024-12-09 17:50:04,371 - INFO - Jogador gabriel respawnou após clique
2024-12-09 17:50:04,389 - INFO - Jogador gabriel pronto para respawn
2024-12-09 17:50:04,389 - INFO - Jogador gabriel respawnou após clique
2024-12-09 17:50:04,402 - INFO - Jogador gabriel pronto para respawn
2024-12-09 17:50:04,403 - INFO - Jogador gabriel respawnou após clique
2024-12-09 17:50:04,419 - INFO - Jogador gabriel pronto para respawn
2024-12-09 17:50:04,420 - INFO - Jogador gabriel respawnou após clique
2024-12-09 17:50:04,435 - INFO - Jogador gabriel pronto para respawn
2024-12-09 17:50:04,435 - INFO - Jogador gabriel respawnou após clique
2024-12-09 17:50:04,451 - INFO - Jogador gabriel pronto para respawn
2024-12-09 17:50:04,451 - INFO - Jogador gabriel respawnou após clique
2024-12-09 17:50:04,467 - INFO - Jogador gabriel pronto para respawn
2024-12-09 17:50:04,467 - INFO - Jogador gabriel respawnou após clique
2024-12-09 17:50:04,484 - INFO - Jogador gabriel pronto para respawn
2024-12-09 17:50:04,484 - INFO - Jogador gabriel respawnou após clique
2024-12-09 17:50:04,498 - INFO - Jogador gabriel pronto para respawn
2024-12-09 17:50:04,499 - INFO - Jogador gabriel respawnou após clique
2024-12-09 17:50:04,515 - INFO - Jogador gabriel pronto para respawn
2024-12-09 17:50:04,516 - INFO - Jogador gabriel respawnou após clique
2024-12-09 17:50:04,531 - INFO - Jogador gabriel pronto para respawn
2024-12-09 17:50:04,532 - INFO - Jogador gabriel respawnou após clique
2024-12-09 17:50:04,547 - INFO - Jogador gabriel pronto para respawn
2024-12-09 17:50:04,547 - INFO - Jogador gabriel respawnou após clique
2024-12-09 17:50:04,563 - INFO - Jogador gabriel pronto para respawn
2024-12-09 17:50:04,564 - INFO - Jogador gabriel respawnou após clique
2024-12-09 17:50:04,579 - INFO - Jogador gabriel pronto para respawn
2024-12-09 17:50:04,580 - INFO - Jogador gabriel respawnou após clique
2024-12-09 17:50:04,595 - INFO - Jogador gabriel pronto para respawn
2024-12-09 17:50:04,595 - INFO - Jogador gabriel respawnou após clique
2024-12-09 17:50:04,611 - INFO - Jogador gabriel pronto para respawn
2024-12-09 17:50:04,611 - INFO - Jogador gabriel respawnou após clique
2024-12-09 17:50:04,627 - INFO - Jogador gabriel pronto para respawn
2024-12-09 17:50:04,627 - INFO - Jogador gabriel respawnou após clique
2024-12-09 17:50:04,643 - INFO - Jogador gabriel pronto para respawn
2024-12-09 17:50:04,643 - INFO - Jogador gabriel respawnou após clique
2024-12-09 17:50:04,658 - INFO - Jogador gabriel pronto para respawn
2024-12-09 17:50:04,658 - INFO - Jogador gabriel respawnou após clique
2024-12-09 17:50:04,674 - INFO - Jogador gabriel pronto para respawn
2024-12-09 17:50:04,675 - INFO - Jogador gabriel respawnou após clique
2024-12-09 17:50:04,691 - INFO - Jogador gabriel pronto para respawn
2024-12-09 17:50:04,691 - INFO - Jogador gabriel respawnou após clique
2024-12-09 17:50:04,706 - INFO - Jogador gabriel pronto para respawn
2024-12-09 17:50:04,708 - INFO - Jogador gabriel respawnou após clique
2024-12-09 17:50:04,722 - INFO - Jogador gabriel pronto para respawn
2024-12-09 17:50:04,723 - INFO - Jogador gabriel respawnou após clique
2024-12-09 17:50:04,739 - INFO - Jogador gabriel pronto para respawn
2024-12-09 17:50:04,739 - INFO - Jogador gabriel respawnou após clique
2024-12-09 17:50:04,755 - INFO - Jogador gabriel pronto para respawn
2024-12-09 17:50:04,755 - INFO - Jogador gabriel respawnou após clique
2024-12-09 17:50:04,770 - INFO - Jogador gabriel pronto para respawn
2024-12-09 17:50:04,770 - INFO - Jogador gabriel respawnou após clique
2024-12-09 17:50:04,787 - INFO - Jogador gabriel pronto para respawn
2024-12-09 17:50:04,787 - INFO - Jogador gabriel respawnou após clique
2024-12-09 17:50:04,802 - INFO - Jogador gabriel pronto para respawn
2024-12-09 17:50:04,803 - INFO - Jogador gabriel respawnou após clique
2024-12-09 17:50:04,819 - INFO - Jogador gabriel pronto para respawn
2024-12-09 17:50:04,819 - INFO - Jogador gabriel respawnou após clique
2024-12-09 17:50:04,835 - INFO - Jogador gabriel pronto para respawn
2024-12-09 17:50:04,835 - INFO - Jogador gabriel respawnou após clique
2024-12-09 17:50:04,851 - INFO - Jogador gabriel pronto para respawn
2024-12-09 17:50:04,851 - INFO - Jogador gabriel respawnou após clique
2024-12-09 17:50:04,867 - INFO - Jogador gabriel pronto para respawn
2024-12-09 17:50:04,867 - INFO - Jogador gabriel respawnou após clique
2024-12-09 17:50:04,883 - INFO - Jogador gabriel pronto para respawn
2024-12-09 17:50:04,883 - INFO - Jogador gabriel respawnou após clique
2024-12-09 17:50:04,900 - INFO - Jogador gabriel pronto para respawn
2024-12-09 17:50:04,901 - INFO - Jogador gabriel respawnou após clique
2024-12-09 17:50:04,914 - INFO - Jogador gabriel pronto para respawn
2024-12-09 17:50:04,914 - INFO - Jogador gabriel respawnou após clique
2024-12-09 17:50:04,931 - INFO - Jogador gabriel pronto para respawn
2024-12-09 17:50:04,932 - INFO - Jogador gabriel respawnou após clique
2024-12-09 17:50:04,947 - INFO - Jogador gabriel pronto para respawn
2024-12-09 17:50:04,947 - INFO - Jogador gabriel respawnou após clique
2024-12-09 17:50:04,963 - INFO - Jogador gabriel pronto para respawn
2024-12-09 17:50:04,963 - INFO - Jogador gabriel respawnou após clique
2024-12-09 17:50:04,980 - INFO - Jogador gabriel pronto para respawn
2024-12-09 17:50:04,981 - INFO - Jogador gabriel respawnou após clique
2024-12-09 17:50:04,995 - INFO - Jogador gabriel pronto para respawn
2024-12-09 17:50:04,995 - INFO - Jogador gabriel respawnou após clique
2024-12-09 17:50:05,012 - INFO - Jogador gabriel pronto para respawn
2024-12-09 17:50:05,012 - INFO - Jogador gabriel respawnou após clique
2024-12-09 17:50:05,027 - INFO - Jogador gabriel pronto para respawn
2024-12-09 17:50:05,027 - INFO - Jogador gabriel respawnou após clique
2024-12-09 17:50:05,042 - INFO - Jogador gabriel pronto para respawn
2024-12-09 17:50:05,043 - INFO - Jogador gabriel respawnou após clique
2024-12-09 17:50:05,058 - INFO - Jogador gabriel pronto para respawn
2024-12-09 17:50:05,059 - INFO - Jogador gabriel respawnou após clique
2024-12-09 17:50:05,075 - INFO - Jogador gabriel pronto para respawn
2024-12-09 17:50:05,075 - INFO - Jogador gabriel respawnou após clique
2024-12-09 17:50:05,092 - INFO - Jogador gabriel pronto para respawn
2024-12-09 17:50:05,092 - INFO - Jogador gabriel respawnou após clique
2024-12-09 17:50:05,107 - INFO - Jogador gabriel pronto para respawn
2024-12-09 17:50:05,108 - INFO - Jogador gabriel respawnou após clique
2024-12-09 17:50:05,123 - INFO - Jogador gabriel pronto para respawn
2024-12-09 17:50:05,123 - INFO - Jogador gabriel respawnou após clique
2024-12-09 17:50:05,139 - INFO - Jogador gabriel pronto para respawn
2024-12-09 17:50:05,140 - INFO - Jogador gabriel respawnou após clique
2024-12-09 17:50:05,155 - INFO - Jogador gabriel pronto para respawn
2024-12-09 17:50:05,155 - INFO - Jogador gabriel respawnou após clique
2024-12-09 17:50:05,171 - INFO - Jogador gabriel pronto para respawn
2024-12-09 17:50:05,171 - INFO - Jogador gabriel respawnou após clique
2024-12-09 17:50:05,186 - INFO - Jogador gabriel pronto para respawn
2024-12-09 17:50:05,186 - INFO - Jogador gabriel respawnou após clique
2024-12-09 17:50:05,203 - INFO - Jogador gabriel pronto para respawn
2024-12-09 17:50:05,203 - INFO - Jogador gabriel respawnou após clique
2024-12-09 17:50:05,219 - INFO - Jogador gabriel pronto para respawn
2024-12-09 17:50:05,219 - INFO - Jogador gabriel respawnou após clique
2024-12-09 17:50:05,235 - INFO - Jogador gabriel pronto para respawn
2024-12-09 17:50:05,235 - INFO - Jogador gabriel respawnou após clique
2024-12-09 17:50:05,251 - INFO - Jogador gabriel pronto para respawn
2024-12-09 17:50:05,251 - INFO - Jogador gabriel respawnou após clique
2024-12-09 17:50:05,504 - INFO - Jogador gabriel pronto para respawn
2024-12-09 17:50:05,504 - INFO - Jogador gabriel respawnou após clique
2024-12-09 17:50:05,525 - INFO - Jogador gabriel pronto para respawn
2024-12-09 17:50:05,525 - INFO - Jogador gabriel respawnou após clique
2024-12-09 17:50:05,542 - INFO - Jogador gabriel pronto para respawn
2024-12-09 17:50:05,543 - INFO - Jogador gabriel respawnou após clique
2024-12-09 17:50:05,559 - INFO - Jogador gabriel pronto para respawn
2024-12-09 17:50:05,559 - INFO - Jogador gabriel respawnou após clique
2024-12-09 17:50:05,575 - INFO - Jogador gabriel pronto para respawn
2024-12-09 17:50:05,576 - INFO - Jogador gabriel respawnou após clique
2024-12-09 17:50:05,592 - INFO - Jogador gabriel pronto para respawn
2024-12-09 17:50:05,593 - INFO - Jogador gabriel respawnou após clique
2024-12-09 17:50:05,608 - INFO - Jogador gabriel pronto para respawn
2024-12-09 17:50:05,609 - INFO - Jogador gabriel respawnou após clique
2024-12-09 17:50:05,822 - INFO - Jogador gabriel pronto para respawn
2024-12-09 17:50:05,823 - INFO - Jogador gabriel respawnou após clique
2024-12-09 17:50:05,844 - INFO - Jogador gabriel pronto para respawn
2024-12-09 17:50:05,844 - INFO - Jogador gabriel respawnou após clique
2024-12-09 17:50:05,860 - INFO - Jogador gabriel pronto para respawn
2024-12-09 17:50:05,860 - INFO - Jogador gabriel respawnou após clique
2024-12-09 17:50:05,875 - INFO - Jogador gabriel pronto para respawn
2024-12-09 17:50:05,877 - INFO - Jogador gabriel respawnou após clique
2024-12-09 17:50:05,892 - INFO - Jogador gabriel pronto para respawn
2024-12-09 17:50:05,893 - INFO - Jogador gabriel respawnou após clique
2024-12-09 17:50:05,909 - INFO - Jogador gabriel pronto para respawn
2024-12-09 17:50:05,910 - INFO - Jogador gabriel respawnou após clique
2024-12-09 17:50:05,926 - INFO - Jogador gabriel pronto para respawn
2024-12-09 17:50:05,926 - INFO - Jogador gabriel respawnou após clique
2024-12-09 17:50:05,943 - INFO - Jogador gabriel pronto para respawn
2024-12-09 17:50:05,943 - INFO - Jogador gabriel respawnou após clique
2024-12-09 17:50:05,960 - INFO - Jogador gabriel pronto para respawn
2024-12-09 17:50:05,961 - INFO - Jogador gabriel respawnou após clique
2024-12-09 17:50:05,976 - INFO - Jogador gabriel pronto para respawn
2024-12-09 17:50:05,977 - INFO - Jogador gabriel respawnou após clique
2024-12-09 17:50:05,992 - INFO - Jogador gabriel pronto para respawn
2024-12-09 17:50:05,994 - INFO - Jogador gabriel respawnou após clique
2024-12-09 17:50:06,122 - INFO - Jogador gabriel pronto para respawn
2024-12-09 17:50:06,122 - INFO - Jogador gabriel respawnou após clique
2024-12-09 17:50:06,142 - INFO - Jogador gabriel pronto para respawn
2024-12-09 17:50:06,143 - INFO - Jogador gabriel respawnou após clique
2024-12-09 17:50:06,160 - INFO - Jogador gabriel pronto para respawn
2024-12-09 17:50:06,160 - INFO - Jogador gabriel respawnou após clique
2024-12-09 17:50:06,177 - INFO - Jogador gabriel pronto para respawn
2024-12-09 17:50:06,177 - INFO - Jogador gabriel respawnou após clique
2024-12-09 17:50:06,193 - INFO - Jogador gabriel pronto para respawn
2024-12-09 17:50:06,193 - INFO - Jogador gabriel respawnou após clique
2024-12-09 17:50:06,210 - INFO - Jogador gabriel pronto para respawn
2024-12-09 17:50:06,210 - INFO - Jogador gabriel respawnou após clique
2024-12-09 17:50:06,226 - INFO - Jogador gabriel pronto para respawn
2024-12-09 17:50:06,227 - INFO - Jogador gabriel respawnou após clique
2024-12-09 17:50:06,243 - INFO - Jogador gabriel pronto para respawn
2024-12-09 17:50:06,243 - INFO - Jogador gabriel respawnou após clique
2024-12-09 17:50:06,259 - INFO - Jogador gabriel pronto para respawn
2024-12-09 17:50:06,260 - INFO - Jogador gabriel respawnou após clique
2024-12-09 17:50:06,277 - INFO - Jogador gabriel pronto para respawn
2024-12-09 17:50:06,277 - INFO - Jogador gabriel respawnou após clique
2024-12-09 17:50:06,294 - INFO - Jogador gabriel pronto para respawn
2024-12-09 17:50:06,294 - INFO - Jogador gabriel respawnou após clique
2024-12-09 17:50:06,309 - INFO - Jogador gabriel pronto para respawn
2024-12-09 17:50:06,309 - INFO - Jogador gabriel respawnou após clique
2024-12-09 17:50:06,327 - INFO - Jogador gabriel pronto para respawn
2024-12-09 17:50:06,327 - INFO - Jogador gabriel respawnou após clique
2024-12-09 17:50:06,343 - INFO - Jogador gabriel pronto para respawn
2024-12-09 17:50:06,343 - INFO - Jogador gabriel respawnou após clique
2024-12-09 17:50:06,360 - INFO - Jogador gabriel pronto para respawn
2024-12-09 17:50:06,360 - INFO - Jogador gabriel respawnou após clique
2024-12-09 17:50:06,376 - INFO - Jogador gabriel pronto para respawn
2024-12-09 17:50:06,376 - INFO - Jogador gabriel respawnou após clique
2024-12-09 17:50:06,393 - INFO - Jogador gabriel pronto para respawn
2024-12-09 17:50:06,394 - INFO - Jogador gabriel respawnou após clique
2024-12-09 17:50:06,410 - INFO - Jogador gabriel pronto para respawn
2024-12-09 17:50:06,410 - INFO - Jogador gabriel respawnou após clique
2024-12-09 17:50:06,427 - INFO - Jogador gabriel pronto para respawn
2024-12-09 17:50:06,427 - INFO - Jogador gabriel respawnou após clique
2024-12-09 17:50:06,444 - INFO - Jogador gabriel pronto para respawn
2024-12-09 17:50:06,444 - INFO - Jogador gabriel respawnou após clique
2024-12-09 17:50:06,460 - INFO - Jogador gabriel pronto para respawn
2024-12-09 17:50:06,460 - INFO - Jogador gabriel respawnou após clique
2024-12-09 17:50:06,477 - INFO - Jogador gabriel pronto para respawn
2024-12-09 17:50:06,477 - INFO - Jogador gabriel respawnou após clique
2024-12-09 17:50:06,494 - INFO - Jogador gabriel pronto para respawn
2024-12-09 17:50:06,494 - INFO - Jogador gabriel respawnou após clique
2024-12-09 17:50:06,510 - INFO - Jogador gabriel pronto para respawn
2024-12-09 17:50:06,511 - INFO - Jogador gabriel respawnou após clique
2024-12-09 17:50:06,527 - INFO - Jogador gabriel pronto para respawn
2024-12-09 17:50:06,527 - INFO - Jogador gabriel respawnou após clique
2024-12-09 17:50:06,543 - INFO - Jogador gabriel pronto para respawn
2024-12-09 17:50:06,544 - INFO - Jogador gabriel respawnou após clique
2024-12-09 17:50:06,561 - INFO - Jogador gabriel pronto para respawn
2024-12-09 17:50:06,561 - INFO - Jogador gabriel respawnou após clique
2024-12-09 17:50:06,577 - INFO - Jogador gabriel pronto para respawn
2024-12-09 17:50:06,577 - INFO - Jogador gabriel respawnou após clique
2024-12-09 17:50:06,593 - INFO - Jogador gabriel pronto para respawn
2024-12-09 17:50:06,594 - INFO - Jogador gabriel respawnou após clique
2024-12-09 17:50:06,611 - INFO - Jogador gabriel pronto para respawn
2024-12-09 17:50:06,611 - INFO - Jogador gabriel respawnou após clique
2024-12-09 17:50:06,627 - INFO - Jogador gabriel pronto para respawn
2024-12-09 17:50:06,627 - INFO - Jogador gabriel respawnou após clique
2024-12-09 17:50:06,644 - INFO - Jogador gabriel pronto para respawn
2024-12-09 17:50:06,644 - INFO - Jogador gabriel respawnou após clique
2024-12-09 17:50:06,661 - INFO - Jogador gabriel pronto para respawn
2024-12-09 17:50:06,661 - INFO - Jogador gabriel respawnou após clique
2024-12-09 17:50:06,677 - INFO - Jogador gabriel pronto para respawn
2024-12-09 17:50:06,677 - INFO - Jogador gabriel respawnou após clique
2024-12-09 17:50:06,694 - INFO - Jogador gabriel pronto para respawn
2024-12-09 17:50:06,694 - INFO - Jogador gabriel respawnou após clique
2024-12-09 17:50:06,710 - INFO - Jogador gabriel pronto para respawn
2024-12-09 17:50:06,710 - INFO - Jogador gabriel respawnou após clique
2024-12-09 17:50:06,727 - INFO - Jogador gabriel pronto para respawn
2024-12-09 17:50:06,727 - INFO - Jogador gabriel respawnou após clique
2024-12-09 17:50:06,743 - INFO - Jogador gabriel pronto para respawn
2024-12-09 17:50:06,743 - INFO - Jogador gabriel respawnou após clique
2024-12-09 17:50:06,760 - INFO - Jogador gabriel pronto para respawn
2024-12-09 17:50:06,760 - INFO - Jogador gabriel respawnou após clique
2024-12-09 17:50:06,777 - INFO - Jogador gabriel pronto para respawn
2024-12-09 17:50:06,777 - INFO - Jogador gabriel respawnou após clique
2024-12-09 17:50:06,794 - INFO - Jogador gabriel pronto para respawn
2024-12-09 17:50:06,794 - INFO - Jogador gabriel respawnou após clique
2024-12-09 17:50:06,810 - INFO - Jogador gabriel pronto para respawn
2024-12-09 17:50:06,810 - INFO - Jogador gabriel respawnou após clique
2024-12-09 17:50:06,827 - INFO - Jogador gabriel pronto para respawn
2024-12-09 17:50:06,827 - INFO - Jogador gabriel respawnou após clique
2024-12-09 17:50:06,844 - INFO - Jogador gabriel pronto para respawn
2024-12-09 17:50:06,844 - INFO - Jogador gabriel respawnou após clique
2024-12-09 17:50:06,860 - INFO - Jogador gabriel pronto para respawn
2024-12-09 17:50:06,861 - INFO - Jogador gabriel respawnou após clique
2024-12-09 17:50:06,877 - INFO - Jogador gabriel pronto para respawn
2024-12-09 17:50:06,877 - INFO - Jogador gabriel respawnou após clique
2024-12-09 17:50:06,895 - INFO - Jogador gabriel pronto para respawn
2024-12-09 17:50:06,895 - INFO - Jogador gabriel respawnou após clique
2024-12-09 17:50:06,911 - INFO - Jogador gabriel pronto para respawn
2024-12-09 17:50:06,911 - INFO - Jogador gabriel respawnou após clique
2024-12-09 17:50:06,927 - INFO - Jogador gabriel pronto para respawn
2024-12-09 17:50:06,927 - INFO - Jogador gabriel respawnou após clique
2024-12-09 17:50:06,944 - INFO - Jogador gabriel pronto para respawn
2024-12-09 17:50:06,944 - INFO - Jogador gabriel respawnou após clique
2024-12-09 17:50:06,960 - INFO - Jogador gabriel pronto para respawn
2024-12-09 17:50:06,961 - INFO - Jogador gabriel respawnou após clique
2024-12-09 17:50:06,977 - INFO - Jogador gabriel pronto para respawn
2024-12-09 17:50:06,977 - INFO - Jogador gabriel respawnou após clique
2024-12-09 17:50:06,993 - INFO - Jogador gabriel pronto para respawn
2024-12-09 17:50:06,994 - INFO - Jogador gabriel respawnou após clique
2024-12-09 17:50:07,011 - INFO - Jogador gabriel pronto para respawn
2024-12-09 17:50:07,011 - INFO - Jogador gabriel respawnou após clique
2024-12-09 17:50:07,027 - INFO - Jogador gabriel pronto para respawn
2024-12-09 17:50:07,028 - INFO - Jogador gabriel respawnou após clique
2024-12-09 17:50:07,044 - INFO - Jogador gabriel pronto para respawn
2024-12-09 17:50:07,044 - INFO - Jogador gabriel respawnou após clique
2024-12-09 17:50:07,061 - INFO - Jogador gabriel pronto para respawn
2024-12-09 17:50:07,061 - INFO - Jogador gabriel respawnou após clique
2024-12-09 17:50:07,076 - INFO - Jogador gabriel pronto para respawn
2024-12-09 17:50:07,078 - INFO - Jogador gabriel respawnou após clique
2024-12-09 17:50:07,094 - INFO - Jogador gabriel pronto para respawn
2024-12-09 17:50:07,095 - INFO - Jogador gabriel respawnou após clique
2024-12-09 17:50:07,111 - INFO - Jogador gabriel pronto para respawn
2024-12-09 17:50:07,112 - INFO - Jogador gabriel respawnou após clique
2024-12-09 17:50:07,128 - INFO - Jogador gabriel pronto para respawn
2024-12-09 17:50:07,128 - INFO - Jogador gabriel respawnou após clique
2024-12-09 17:50:07,144 - INFO - Jogador gabriel pronto para respawn
2024-12-09 17:50:07,145 - INFO - Jogador gabriel respawnou após clique
2024-12-09 17:50:07,161 - INFO - Jogador gabriel pronto para respawn
2024-12-09 17:50:07,161 - INFO - Jogador gabriel respawnou após clique
2024-12-09 17:50:07,177 - INFO - Jogador gabriel pronto para respawn
2024-12-09 17:50:07,178 - INFO - Jogador gabriel respawnou após clique
2024-12-09 17:50:07,194 - INFO - Jogador gabriel pronto para respawn
2024-12-09 17:50:07,194 - INFO - Jogador gabriel respawnou após clique
2024-12-09 17:50:07,211 - INFO - Jogador gabriel pronto para respawn
2024-12-09 17:50:07,211 - INFO - Jogador gabriel respawnou após clique
2024-12-09 17:50:07,228 - INFO - Jogador gabriel pronto para respawn
2024-12-09 17:50:07,228 - INFO - Jogador gabriel respawnou após clique
2024-12-09 17:50:07,244 - INFO - Jogador gabriel pronto para respawn
2024-12-09 17:50:07,245 - INFO - Jogador gabriel respawnou após clique
2024-12-09 17:50:07,261 - INFO - Jogador gabriel pronto para respawn
2024-12-09 17:50:07,261 - INFO - Jogador gabriel respawnou após clique
2024-12-09 17:50:07,278 - INFO - Jogador gabriel pronto para respawn
2024-12-09 17:50:07,278 - INFO - Jogador gabriel respawnou após clique
2024-12-09 17:50:07,294 - INFO - Jogador gabriel pronto para respawn
2024-12-09 17:50:07,294 - INFO - Jogador gabriel respawnou após clique
2024-12-09 17:50:07,311 - INFO - Jogador gabriel pronto para respawn
2024-12-09 17:50:07,311 - INFO - Jogador gabriel respawnou após clique
2024-12-09 17:50:07,327 - INFO - Jogador gabriel pronto para respawn
2024-12-09 17:50:07,327 - INFO - Jogador gabriel respawnou após clique
2024-12-09 17:50:07,345 - INFO - Jogador gabriel pronto para respawn
2024-12-09 17:50:07,345 - INFO - Jogador gabriel respawnou após clique
2024-12-09 17:50:07,361 - INFO - Jogador gabriel pronto para respawn
2024-12-09 17:50:07,361 - INFO - Jogador gabriel respawnou após clique
2024-12-09 17:50:07,378 - INFO - Jogador gabriel pronto para respawn
2024-12-09 17:50:07,378 - INFO - Jogador gabriel respawnou após clique
2024-12-09 17:50:07,394 - INFO - Jogador gabriel pronto para respawn
2024-12-09 17:50:07,394 - INFO - Jogador gabriel respawnou após clique
2024-12-09 17:50:07,411 - INFO - Jogador gabriel pronto para respawn
2024-12-09 17:50:07,411 - INFO - Jogador gabriel respawnou após clique
2024-12-09 17:50:07,427 - INFO - Jogador gabriel pronto para respawn
2024-12-09 17:50:07,428 - INFO - Jogador gabriel respawnou após clique
2024-12-09 17:50:07,445 - INFO - Jogador gabriel pronto para respawn
2024-12-09 17:50:07,445 - INFO - Jogador gabriel respawnou após clique
2024-12-09 17:50:07,461 - INFO - Jogador gabriel pronto para respawn
2024-12-09 17:50:07,461 - INFO - Jogador gabriel respawnou após clique
2024-12-09 17:50:07,477 - INFO - Jogador gabriel pronto para respawn
2024-12-09 17:50:07,478 - INFO - Jogador gabriel respawnou após clique
2024-12-09 17:50:07,495 - INFO - Jogador gabriel pronto para respawn
2024-12-09 17:50:07,495 - INFO - Jogador gabriel respawnou após clique
2024-12-09 17:50:07,511 - INFO - Jogador gabriel pronto para respawn
2024-12-09 17:50:07,511 - INFO - Jogador gabriel respawnou após clique
2024-12-09 17:50:07,528 - INFO - Jogador gabriel pronto para respawn
2024-12-09 17:50:07,528 - INFO - Jogador gabriel respawnou após clique
2024-12-09 17:50:07,545 - INFO - Jogador gabriel pronto para respawn
2024-12-09 17:50:07,545 - INFO - Jogador gabriel respawnou após clique
2024-12-09 17:50:07,561 - INFO - Jogador gabriel pronto para respawn
2024-12-09 17:50:07,561 - INFO - Jogador gabriel respawnou após clique
2024-12-09 17:50:07,577 - INFO - Jogador gabriel pronto para respawn
2024-12-09 17:50:07,579 - INFO - Jogador gabriel respawnou após clique
2024-12-09 17:50:07,595 - INFO - Jogador gabriel pronto para respawn
2024-12-09 17:50:07,595 - INFO - Jogador gabriel respawnou após clique
2024-12-09 17:50:07,611 - INFO - Jogador gabriel pronto para respawn
2024-12-09 17:50:07,611 - INFO - Jogador gabriel respawnou após clique
2024-12-09 17:50:07,627 - INFO - Jogador gabriel pronto para respawn
2024-12-09 17:50:07,627 - INFO - Jogador gabriel respawnou após clique
2024-12-09 17:50:07,645 - INFO - Jogador gabriel pronto para respawn
2024-12-09 17:50:07,645 - INFO - Jogador gabriel respawnou após clique
2024-12-09 17:50:07,660 - INFO - Jogador gabriel pronto para respawn
2024-12-09 17:50:07,662 - INFO - Jogador gabriel respawnou após clique
2024-12-09 17:50:07,678 - INFO - Jogador gabriel pronto para respawn
2024-12-09 17:50:07,679 - INFO - Jogador gabriel respawnou após clique
2024-12-09 17:50:07,695 - INFO - Jogador gabriel pronto para respawn
2024-12-09 17:50:07,695 - INFO - Jogador gabriel respawnou após clique
2024-12-09 17:50:07,711 - INFO - Jogador gabriel pronto para respawn
2024-12-09 17:50:07,711 - INFO - Jogador gabriel respawnou após clique
2024-12-09 17:50:07,728 - INFO - Jogador gabriel pronto para respawn
2024-12-09 17:50:07,728 - INFO - Jogador gabriel respawnou após clique
2024-12-09 17:50:07,744 - INFO - Jogador gabriel pronto para respawn
2024-12-09 17:50:07,744 - INFO - Jogador gabriel respawnou após clique
2024-12-09 17:50:07,761 - INFO - Jogador gabriel pronto para respawn
2024-12-09 17:50:07,762 - INFO - Jogador gabriel respawnou após clique
2024-12-09 17:50:07,778 - INFO - Jogador gabriel pronto para respawn
2024-12-09 17:50:07,778 - INFO - Jogador gabriel respawnou após clique
2024-12-09 17:50:07,794 - INFO - Jogador gabriel pronto para respawn
2024-12-09 17:50:07,796 - INFO - Jogador gabriel respawnou após clique
2024-12-09 17:50:07,812 - INFO - Jogador gabriel pronto para respawn
2024-12-09 17:50:07,812 - INFO - Jogador gabriel respawnou após clique
2024-12-09 17:50:07,828 - INFO - Jogador gabriel pronto para respawn
2024-12-09 17:50:07,828 - INFO - Jogador gabriel respawnou após clique
2024-12-09 17:50:07,844 - INFO - Jogador gabriel pronto para respawn
2024-12-09 17:50:07,845 - INFO - Jogador gabriel respawnou após clique
2024-12-09 17:50:07,862 - INFO - Jogador gabriel pronto para respawn
2024-12-09 17:50:07,862 - INFO - Jogador gabriel respawnou após clique
2024-12-09 17:50:07,878 - INFO - Jogador gabriel pronto para respawn
2024-12-09 17:50:07,878 - INFO - Jogador gabriel respawnou após clique
2024-12-09 17:50:07,894 - INFO - Jogador gabriel pronto para respawn
2024-12-09 17:50:07,895 - INFO - Jogador gabriel respawnou após clique
2024-12-09 17:50:07,912 - INFO - Jogador gabriel pronto para respawn
2024-12-09 17:50:07,912 - INFO - Jogador gabriel respawnou após clique
2024-12-09 17:50:07,929 - INFO - Jogador gabriel pronto para respawn
2024-12-09 17:50:07,929 - INFO - Jogador gabriel respawnou após clique
2024-12-09 17:50:07,945 - INFO - Jogador gabriel pronto para respawn
2024-12-09 17:50:07,945 - INFO - Jogador gabriel respawnou após clique
2024-12-09 17:50:07,962 - INFO - Jogador gabriel pronto para respawn
2024-12-09 17:50:07,962 - INFO - Jogador gabriel respawnou após clique
2024-12-09 17:50:07,978 - INFO - Jogador gabriel pronto para respawn
2024-12-09 17:50:07,979 - INFO - Jogador gabriel respawnou após clique
2024-12-09 17:50:08,011 - INFO - Jogador gabriel pronto para respawn
2024-12-09 17:50:08,011 - INFO - Jogador gabriel respawnou após clique
2024-12-09 17:50:08,028 - INFO - Jogador gabriel pronto para respawn
2024-12-09 17:50:08,028 - INFO - Jogador gabriel respawnou após clique
2024-12-09 17:50:08,044 - INFO - Jogador gabriel pronto para respawn
2024-12-09 17:50:08,044 - INFO - Jogador gabriel respawnou após clique
2024-12-09 17:50:08,528 - INFO - Jogador gabriel pronto para respawn
2024-12-09 17:50:08,529 - INFO - Jogador gabriel respawnou após clique
2024-12-09 17:50:08,546 - INFO - Jogador gabriel pronto para respawn
2024-12-09 17:50:08,546 - INFO - Jogador gabriel respawnou após clique
2024-12-09 17:50:08,562 - INFO - Jogador gabriel pronto para respawn
2024-12-09 17:50:08,562 - INFO - Jogador gabriel respawnou após clique
2024-12-09 17:50:08,579 - INFO - Jogador gabriel pronto para respawn
2024-12-09 17:50:08,580 - INFO - Jogador gabriel respawnou após clique
2024-12-09 17:50:08,595 - INFO - Jogador gabriel pronto para respawn
2024-12-09 17:50:08,596 - INFO - Jogador gabriel respawnou após clique
2024-12-09 17:50:08,711 - INFO - Jogador gabriel pronto para respawn
2024-12-09 17:50:08,711 - INFO - Jogador gabriel respawnou após clique
2024-12-09 17:50:08,849 - INFO - Jogador gabriel pronto para respawn
2024-12-09 17:50:08,849 - INFO - Jogador gabriel respawnou após clique
2024-12-09 17:50:08,912 - INFO - Jogador gabriel pronto para respawn
2024-12-09 17:50:08,912 - INFO - Jogador gabriel respawnou após clique
2024-12-09 17:50:09,044 - INFO - Jogador gabriel pronto para respawn
2024-12-09 17:50:09,044 - INFO - Jogador gabriel respawnou após clique
2024-12-09 17:50:09,216 - INFO - Jogador gabriel pronto para respawn
2024-12-09 17:50:09,217 - INFO - Jogador gabriel respawnou após clique
2024-12-09 17:50:09,245 - INFO - Jogador gabriel pronto para respawn
2024-12-09 17:50:09,245 - INFO - Jogador gabriel respawnou após clique
2024-12-09 17:50:09,340 - INFO - Jogador gabriel pronto para respawn
2024-12-09 17:50:09,341 - INFO - Jogador gabriel respawnou após clique
2024-12-09 17:50:09,363 - INFO - Jogador gabriel pronto para respawn
2024-12-09 17:50:09,365 - INFO - Jogador gabriel respawnou após clique
2024-12-09 17:50:09,499 - INFO - Jogador gabriel pronto para respawn
2024-12-09 17:50:09,499 - INFO - Jogador gabriel respawnou após clique
2024-12-09 17:50:09,513 - INFO - Jogador gabriel pronto para respawn
2024-12-09 17:50:09,513 - INFO - Jogador gabriel respawnou após clique
2024-12-09 17:50:09,633 - INFO - Jogador gabriel pronto para respawn
2024-12-09 17:50:09,633 - INFO - Jogador gabriel respawnou após clique
2024-12-09 17:50:09,662 - INFO - Jogador gabriel pronto para respawn
2024-12-09 17:50:09,662 - INFO - Jogador gabriel respawnou após clique
2024-12-09 17:50:09,680 - INFO - Jogador gabriel pronto para respawn
2024-12-09 17:50:09,680 - INFO - Jogador gabriel respawnou após clique
2024-12-09 17:50:09,803 - INFO - Jogador gabriel pronto para respawn
2024-12-09 17:50:09,808 - INFO - Jogador gabriel respawnou após clique
2024-12-09 17:50:10,177 - INFO - Jogador gabriel pronto para respawn
2024-12-09 17:50:10,177 - INFO - Jogador gabriel respawnou após clique
2024-12-09 17:50:10,197 - INFO - Jogador gabriel pronto para respawn
2024-12-09 17:50:10,197 - INFO - Jogador gabriel respawnou após clique
2024-12-09 17:50:10,213 - INFO - Jogador gabriel pronto para respawn
2024-12-09 17:50:10,214 - INFO - Jogador gabriel respawnou após clique
2024-12-09 17:50:10,336 - INFO - Jogador gabriel pronto para respawn
2024-12-09 17:50:10,336 - INFO - Jogador gabriel respawnou após clique
2024-12-09 17:50:10,667 - INFO - Jogador gabriel pronto para respawn
2024-12-09 17:50:10,667 - INFO - Jogador gabriel respawnou após clique
2024-12-09 17:50:10,697 - INFO - Jogador gabriel pronto para respawn
2024-12-09 17:50:10,697 - INFO - Jogador gabriel respawnou após clique
2024-12-09 17:50:10,714 - INFO - Jogador gabriel pronto para respawn
2024-12-09 17:50:10,715 - INFO - Jogador gabriel respawnou após clique
2024-12-09 17:50:10,731 - INFO - Jogador gabriel pronto para respawn
2024-12-09 17:50:10,732 - INFO - Jogador gabriel respawnou após clique
2024-12-09 17:50:11,188 - INFO - Jogador gabriel pronto para respawn
2024-12-09 17:50:11,188 - INFO - Jogador gabriel respawnou após clique
2024-12-09 17:50:11,198 - INFO - Jogador gabriel pronto para respawn
2024-12-09 17:50:11,198 - INFO - Jogador gabriel respawnou após clique
2024-12-09 17:50:11,215 - INFO - Jogador gabriel pronto para respawn
2024-12-09 17:50:11,215 - INFO - Jogador gabriel respawnou após clique
2024-12-09 17:50:11,232 - INFO - Jogador gabriel pronto para respawn
2024-12-09 17:50:11,232 - INFO - Jogador gabriel respawnou após clique
2024-12-09 17:50:11,248 - INFO - Jogador gabriel pronto para respawn
2024-12-09 17:50:11,248 - INFO - Jogador gabriel respawnou após clique
2024-12-09 17:50:11,265 - INFO - Jogador gabriel pronto para respawn
2024-12-09 17:50:11,266 - INFO - Jogador gabriel respawnou após clique
2024-12-09 17:50:11,281 - INFO - Jogador gabriel pronto para respawn
2024-12-09 17:50:11,282 - INFO - Jogador gabriel respawnou após clique
2024-12-09 17:50:11,298 - INFO - Jogador gabriel pronto para respawn
2024-12-09 17:50:11,299 - INFO - Jogador gabriel respawnou após clique
2024-12-09 17:50:11,315 - INFO - Jogador gabriel pronto para respawn
2024-12-09 17:50:11,316 - INFO - Jogador gabriel respawnou após clique
2024-12-09 17:50:11,331 - INFO - Jogador gabriel pronto para respawn
2024-12-09 17:50:11,332 - INFO - Jogador gabriel respawnou após clique
2024-12-09 17:50:11,348 - INFO - Jogador gabriel pronto para respawn
2024-12-09 17:50:11,348 - INFO - Jogador gabriel respawnou após clique
2024-12-09 17:50:11,364 - INFO - Jogador gabriel pronto para respawn
2024-12-09 17:50:11,366 - INFO - Jogador gabriel respawnou após clique
2024-12-09 17:50:11,382 - INFO - Jogador gabriel pronto para respawn
2024-12-09 17:50:11,382 - INFO - Jogador gabriel respawnou após clique
2024-12-09 17:50:11,399 - INFO - Jogador gabriel pronto para respawn
2024-12-09 17:50:11,399 - INFO - Jogador gabriel respawnou após clique
2024-12-09 17:50:11,415 - INFO - Jogador gabriel pronto para respawn
2024-12-09 17:50:11,416 - INFO - Jogador gabriel respawnou após clique
2024-12-09 17:50:11,432 - INFO - Jogador gabriel pronto para respawn
2024-12-09 17:50:11,432 - INFO - Jogador gabriel respawnou após clique
2024-12-09 17:50:11,447 - INFO - Jogador gabriel pronto para respawn
2024-12-09 17:50:11,449 - INFO - Jogador gabriel respawnou após clique
2024-12-09 17:50:11,465 - INFO - Jogador gabriel pronto para respawn
2024-12-09 17:50:11,466 - INFO - Jogador gabriel respawnou após clique
2024-12-09 17:50:11,481 - INFO - Jogador gabriel pronto para respawn
2024-12-09 17:50:11,483 - INFO - Jogador gabriel respawnou após clique
2024-12-09 17:50:11,499 - INFO - Jogador gabriel pronto para respawn
2024-12-09 17:50:11,499 - INFO - Jogador gabriel respawnou após clique
2024-12-09 17:50:11,516 - INFO - Jogador gabriel pronto para respawn
2024-12-09 17:50:11,516 - INFO - Jogador gabriel respawnou após clique
2024-12-09 17:50:11,531 - INFO - Jogador gabriel pronto para respawn
2024-12-09 17:50:11,533 - INFO - Jogador gabriel respawnou após clique
2024-12-09 17:50:11,548 - INFO - Jogador gabriel pronto para respawn
2024-12-09 17:50:11,548 - INFO - Jogador gabriel respawnou após clique
2024-12-09 17:50:11,565 - INFO - Jogador gabriel pronto para respawn
2024-12-09 17:50:11,566 - INFO - Jogador gabriel respawnou após clique
2024-12-09 17:50:11,582 - INFO - Jogador gabriel pronto para respawn
2024-12-09 17:50:11,583 - INFO - Jogador gabriel respawnou após clique
2024-12-09 17:50:11,598 - INFO - Jogador gabriel pronto para respawn
2024-12-09 17:50:11,599 - INFO - Jogador gabriel respawnou após clique
2024-12-09 17:50:11,615 - INFO - Jogador gabriel pronto para respawn
2024-12-09 17:50:11,616 - INFO - Jogador gabriel respawnou após clique
2024-12-09 17:50:11,632 - INFO - Jogador gabriel pronto para respawn
2024-12-09 17:50:11,632 - INFO - Jogador gabriel respawnou após clique
2024-12-09 17:50:11,648 - INFO - Jogador gabriel pronto para respawn
2024-12-09 17:50:11,650 - INFO - Jogador gabriel respawnou após clique
2024-12-09 17:50:11,665 - INFO - Jogador gabriel pronto para respawn
2024-12-09 17:50:11,666 - INFO - Jogador gabriel respawnou após clique
2024-12-09 17:50:11,681 - INFO - Jogador gabriel pronto para respawn
2024-12-09 17:50:11,683 - INFO - Jogador gabriel respawnou após clique
2024-12-09 17:50:11,699 - INFO - Jogador gabriel pronto para respawn
2024-12-09 17:50:11,699 - INFO - Jogador gabriel respawnou após clique
2024-12-09 17:50:11,716 - INFO - Jogador gabriel pronto para respawn
2024-12-09 17:50:11,716 - INFO - Jogador gabriel respawnou após clique
2024-12-09 17:50:11,732 - INFO - Jogador gabriel pronto para respawn
2024-12-09 17:50:11,732 - INFO - Jogador gabriel respawnou após clique
2024-12-09 17:50:11,749 - INFO - Jogador gabriel pronto para respawn
2024-12-09 17:50:11,749 - INFO - Jogador gabriel respawnou após clique
2024-12-09 17:50:11,765 - INFO - Jogador gabriel pronto para respawn
2024-12-09 17:50:11,766 - INFO - Jogador gabriel respawnou após clique
2024-12-09 17:50:11,782 - INFO - Jogador gabriel pronto para respawn
2024-12-09 17:50:11,783 - INFO - Jogador gabriel respawnou após clique
2024-12-09 17:50:11,799 - INFO - Jogador gabriel pronto para respawn
2024-12-09 17:50:11,799 - INFO - Jogador gabriel respawnou após clique
2024-12-09 17:50:11,816 - INFO - Jogador gabriel pronto para respawn
2024-12-09 17:50:11,816 - INFO - Jogador gabriel respawnou após clique
2024-12-09 17:52:08,527 - INFO - Servidor iniciado com sucesso
2024-12-09 17:52:13,671 - INFO - Novo jogador registrado: asdfasf (ID: 5e9617d9-6ca6-49ee-a13c-adaafa65daaa)
2024-12-09 17:52:13,845 - INFO - Jogador asdfasf pronto para respawn
2024-12-09 17:52:13,845 - INFO - Jogador asdfasf respawnou após clique
2024-12-09 17:52:15,740 - INFO - Jogador asdfasf pronto para respawn
2024-12-09 17:52:15,740 - INFO - Jogador asdfasf respawnou após clique
2024-12-09 17:52:15,759 - INFO - Jogador asdfasf pronto para respawn
2024-12-09 17:52:15,759 - INFO - Jogador asdfasf respawnou após clique
2024-12-09 17:52:15,772 - INFO - Jogador asdfasf pronto para respawn
2024-12-09 17:52:15,772 - INFO - Jogador asdfasf respawnou após clique
2024-12-09 17:52:15,788 - INFO - Jogador asdfasf pronto para respawn
2024-12-09 17:52:15,788 - INFO - Jogador asdfasf respawnou após clique
2024-12-09 17:52:15,807 - INFO - Jogador asdfasf pronto para respawn
2024-12-09 17:52:15,807 - INFO - Jogador asdfasf respawnou após clique
2024-12-09 17:52:15,821 - INFO - Jogador asdfasf pronto para respawn
2024-12-09 17:52:15,821 - INFO - Jogador asdfasf respawnou após clique
2024-12-09 17:52:15,837 - INFO - Jogador asdfasf pronto para respawn
2024-12-09 17:52:15,837 - INFO - Jogador asdfasf respawnou após clique
2024-12-09 17:52:15,859 - INFO - Jogador asdfasf pronto para respawn
2024-12-09 17:52:15,859 - INFO - Jogador asdfasf respawnou após clique
2024-12-09 17:52:15,867 - INFO - Jogador asdfasf pronto para respawn
2024-12-09 17:52:15,867 - INFO - Jogador asdfasf respawnou após clique
2024-12-09 17:52:15,888 - INFO - Jogador asdfasf pronto para respawn
2024-12-09 17:52:15,888 - INFO - Jogador asdfasf respawnou após clique
2024-12-09 17:52:15,907 - INFO - Jogador asdfasf pronto para respawn
2024-12-09 17:52:15,907 - INFO - Jogador asdfasf respawnou após clique
2024-12-09 17:52:15,927 - INFO - Jogador asdfasf pronto para respawn
2024-12-09 17:52:15,927 - INFO - Jogador asdfasf respawnou após clique
2024-12-09 17:52:15,937 - INFO - Jogador asdfasf pronto para respawn
2024-12-09 17:52:15,937 - INFO - Jogador asdfasf respawnou após clique
2024-12-09 17:52:15,959 - INFO - Jogador asdfasf pronto para respawn
2024-12-09 17:52:15,959 - INFO - Jogador asdfasf respawnou após clique
2024-12-09 17:52:15,967 - INFO - Jogador asdfasf pronto para respawn
2024-12-09 17:52:15,977 - INFO - Jogador asdfasf respawnou após clique
2024-12-09 17:52:15,987 - INFO - Jogador asdfasf pronto para respawn
2024-12-09 17:52:15,994 - INFO - Jogador asdfasf respawnou após clique
2024-12-09 17:52:16,010 - INFO - Jogador asdfasf pronto para respawn
2024-12-09 17:52:16,010 - INFO - Jogador asdfasf respawnou após clique
2024-12-09 17:52:16,026 - INFO - Jogador asdfasf pronto para respawn
2024-12-09 17:52:16,027 - INFO - Jogador asdfasf respawnou após clique
2024-12-09 17:52:16,043 - INFO - Jogador asdfasf pronto para respawn
2024-12-09 17:52:16,043 - INFO - Jogador asdfasf respawnou após clique
2024-12-09 17:52:16,059 - INFO - Jogador asdfasf pronto para respawn
2024-12-09 17:52:16,060 - INFO - Jogador asdfasf respawnou após clique
2024-12-09 17:52:16,076 - INFO - Jogador asdfasf pronto para respawn
2024-12-09 17:52:16,076 - INFO - Jogador asdfasf respawnou após clique
2024-12-09 17:52:16,093 - INFO - Jogador asdfasf pronto para respawn
2024-12-09 17:52:16,093 - INFO - Jogador asdfasf respawnou após clique
2024-12-09 17:52:16,109 - INFO - Jogador asdfasf pronto para respawn
2024-12-09 17:52:16,110 - INFO - Jogador asdfasf respawnou após clique
2024-12-09 17:52:16,126 - INFO - Jogador asdfasf pronto para respawn
2024-12-09 17:52:16,127 - INFO - Jogador asdfasf respawnou após clique
2024-12-09 17:52:16,143 - INFO - Jogador asdfasf pronto para respawn
2024-12-09 17:52:16,143 - INFO - Jogador asdfasf respawnou após clique
2024-12-09 17:52:16,244 - INFO - Jogador asdfasf pronto para respawn
2024-12-09 17:52:16,245 - INFO - Jogador asdfasf respawnou após clique
2024-12-09 17:52:16,276 - INFO - Jogador asdfasf pronto para respawn
2024-12-09 17:52:16,276 - INFO - Jogador asdfasf respawnou após clique
2024-12-09 17:52:16,293 - INFO - Jogador asdfasf pronto para respawn
2024-12-09 17:52:16,293 - INFO - Jogador asdfasf respawnou após clique
2024-12-09 17:52:16,620 - INFO - Jogador asdfasf pronto para respawn
2024-12-09 17:52:16,620 - INFO - Jogador asdfasf respawnou após clique
2024-12-09 17:52:16,642 - INFO - Jogador asdfasf pronto para respawn
2024-12-09 17:52:16,643 - INFO - Jogador asdfasf respawnou após clique
2024-12-09 17:52:16,660 - INFO - Jogador asdfasf pronto para respawn
2024-12-09 17:52:16,660 - INFO - Jogador asdfasf respawnou após clique
2024-12-09 17:52:16,676 - INFO - Jogador asdfasf pronto para respawn
2024-12-09 17:52:16,677 - INFO - Jogador asdfasf respawnou após clique
2024-12-09 17:52:16,694 - INFO - Jogador asdfasf pronto para respawn
2024-12-09 17:52:16,694 - INFO - Jogador asdfasf respawnou após clique
2024-12-09 17:52:16,710 - INFO - Jogador asdfasf pronto para respawn
2024-12-09 17:52:16,710 - INFO - Jogador asdfasf respawnou após clique
2024-12-09 17:52:16,726 - INFO - Jogador asdfasf pronto para respawn
2024-12-09 17:52:16,726 - INFO - Jogador asdfasf respawnou após clique
2024-12-09 17:52:16,743 - INFO - Jogador asdfasf pronto para respawn
2024-12-09 17:52:16,743 - INFO - Jogador asdfasf respawnou após clique
2024-12-09 17:52:16,760 - INFO - Jogador asdfasf pronto para respawn
2024-12-09 17:52:16,760 - INFO - Jogador asdfasf respawnou após clique
2024-12-09 17:52:16,792 - INFO - Jogador asdfasf pronto para respawn
2024-12-09 17:52:16,793 - INFO - Jogador asdfasf respawnou após clique
2024-12-09 17:52:16,826 - INFO - Jogador asdfasf pronto para respawn
2024-12-09 17:52:16,827 - INFO - Jogador asdfasf respawnou após clique
2024-12-09 17:52:16,843 - INFO - Jogador asdfasf pronto para respawn
2024-12-09 17:52:16,844 - INFO - Jogador asdfasf respawnou após clique
2024-12-09 17:52:16,860 - INFO - Jogador asdfasf pronto para respawn
2024-12-09 17:52:16,860 - INFO - Jogador asdfasf respawnou após clique
2024-12-09 17:52:16,876 - INFO - Jogador asdfasf pronto para respawn
2024-12-09 17:52:16,877 - INFO - Jogador asdfasf respawnou após clique
2024-12-09 17:52:16,893 - INFO - Jogador asdfasf pronto para respawn
2024-12-09 17:52:16,894 - INFO - Jogador asdfasf respawnou após clique
2024-12-09 17:52:16,910 - INFO - Jogador asdfasf pronto para respawn
2024-12-09 17:52:16,910 - INFO - Jogador asdfasf respawnou após clique
2024-12-09 17:52:16,926 - INFO - Jogador asdfasf pronto para respawn
2024-12-09 17:52:16,927 - INFO - Jogador asdfasf respawnou após clique
